2024-07-06 22:12:51 [main] INFO  c.m.d.t.t.k.s.TwitterToKafkaServiceApplication - Starting TwitterToKafkaServiceApplication using Java 21.0.3 with PID 63785 (/Users/saikumarpadamati/Desktop/Event-driven-microservices/microservices-demo/twitter-to-kafka-service/target/classes started by saikumarpadamati in /Users/saikumarpadamati/Desktop/Event-driven-microservices)
2024-07-06 22:12:51 [main] INFO  c.m.d.t.t.k.s.TwitterToKafkaServiceApplication - No active profile set, falling back to 1 default profile: "default"
2024-07-06 22:12:52 [main] INFO  c.m.d.t.t.k.s.TwitterToKafkaServiceApplication - Started TwitterToKafkaServiceApplication in 0.387 seconds (process running for 0.717)
2024-07-06 22:12:52 [main] INFO  c.m.d.t.t.k.s.TwitterToKafkaServiceApplication - TwitterToKafkaServiceApplication started.....
2024-07-06 22:12:52 [main] INFO  c.m.d.t.t.k.s.TwitterToKafkaServiceApplication - [-java -Microservice -Spring -Kafka -ElastcSearch]
2024-07-06 22:12:52 [main] INFO  c.m.d.t.t.k.s.TwitterToKafkaServiceApplication - Hello-microservices
2024-07-06 22:12:52 [Twitter Stream consumer /  [1][initializing]] INFO  twitter4j.TwitterStreamImpl - Establishing connection.
2024-07-06 22:12:52 [main] INFO  c.m.d.t.t.k.s.r.i.TwitterKafkaStreamRunner - Started filtering twitter stream for keywords [-java -Microservice -Spring -Kafka -ElastcSearch]
2024-07-06 22:12:52 [Twitter Stream consumer /  [1][Establishing connection]] INFO  twitter4j.TwitterStreamImpl - https://stream.twitter.com/1.1/statuses/filter.json
2024-07-06 22:12:52 [Twitter Stream consumer /  [1][Establishing connection]] INFO  twitter4j.TwitterStreamImpl - Waiting for 250 milliseconds
2024-07-06 22:12:52 [Twitter Stream consumer /  [1][Waiting for 250 milliseconds]] INFO  twitter4j.TwitterStreamImpl - Establishing connection.
2024-07-06 22:12:52 [Twitter Stream consumer /  [1][Establishing connection]] INFO  twitter4j.TwitterStreamImpl - https://stream.twitter.com/1.1/statuses/filter.json
2024-07-06 22:12:52 [Twitter Stream consumer /  [1][Establishing connection]] INFO  twitter4j.TwitterStreamImpl - Waiting for 500 milliseconds
2024-07-06 22:12:53 [Twitter Stream consumer /  [1][Waiting for 500 milliseconds]] INFO  twitter4j.TwitterStreamImpl - Establishing connection.
2024-07-06 22:12:53 [Twitter Stream consumer /  [1][Establishing connection]] INFO  twitter4j.TwitterStreamImpl - https://stream.twitter.com/1.1/statuses/filter.json
2024-07-06 22:12:53 [Twitter Stream consumer /  [1][Establishing connection]] INFO  twitter4j.TwitterStreamImpl - Waiting for 1000 milliseconds
2024-07-06 22:12:54 [Twitter Stream consumer /  [1][Waiting for 1000 milliseconds]] INFO  twitter4j.TwitterStreamImpl - Establishing connection.
2024-07-06 22:12:54 [Twitter Stream consumer /  [1][Establishing connection]] INFO  twitter4j.TwitterStreamImpl - https://stream.twitter.com/1.1/statuses/filter.json
2024-07-06 22:12:54 [Twitter Stream consumer /  [1][Establishing connection]] INFO  twitter4j.TwitterStreamImpl - Waiting for 2000 milliseconds
2024-07-06 22:12:56 [Twitter Stream consumer /  [1][Waiting for 2000 milliseconds]] INFO  twitter4j.TwitterStreamImpl - Establishing connection.
2024-07-06 22:12:56 [Twitter Stream consumer /  [1][Establishing connection]] INFO  twitter4j.TwitterStreamImpl - https://stream.twitter.com/1.1/statuses/filter.json
2024-07-06 22:12:56 [Twitter Stream consumer /  [1][Establishing connection]] INFO  twitter4j.TwitterStreamImpl - Waiting for 4000 milliseconds
2024-07-06 22:13:00 [Twitter Stream consumer /  [1][Waiting for 4000 milliseconds]] INFO  twitter4j.TwitterStreamImpl - Establishing connection.
2024-07-06 22:13:00 [Twitter Stream consumer /  [1][Establishing connection]] INFO  twitter4j.TwitterStreamImpl - https://stream.twitter.com/1.1/statuses/filter.json
2024-07-06 22:13:00 [Twitter Stream consumer /  [1][Establishing connection]] INFO  twitter4j.TwitterStreamImpl - Waiting for 8000 milliseconds
2024-07-06 22:13:08 [Twitter Stream consumer /  [1][Waiting for 8000 milliseconds]] INFO  twitter4j.TwitterStreamImpl - Establishing connection.
2024-07-06 22:13:08 [Twitter Stream consumer /  [1][Establishing connection]] INFO  twitter4j.TwitterStreamImpl - https://stream.twitter.com/1.1/statuses/filter.json
2024-07-06 22:13:08 [Twitter Stream consumer /  [1][Establishing connection]] INFO  twitter4j.TwitterStreamImpl - Waiting for 16000 milliseconds
2024-07-06 22:13:24 [Twitter Stream consumer /  [1][Waiting for 16000 milliseconds]] INFO  twitter4j.TwitterStreamImpl - Establishing connection.
2024-07-06 22:13:24 [Twitter Stream consumer /  [1][Establishing connection]] INFO  twitter4j.TwitterStreamImpl - https://stream.twitter.com/1.1/statuses/filter.json
2024-07-06 22:13:24 [Twitter Stream consumer /  [1][Establishing connection]] INFO  twitter4j.TwitterStreamImpl - Waiting for 16000 milliseconds
2024-07-06 22:13:25 [SpringApplicationShutdownHook] INFO  c.m.d.t.t.k.s.r.i.TwitterKafkaStreamRunner - Shutting down twitter stream
